\BOOKMARK [0][-]{chapter.1}{\376\377\0001\000\040\000V\000i\000m\000T\000o\000g\000e\000t\000h\000e\000r}{}% 1
\BOOKMARK [1][-]{section.1.1}{\376\377\0001\000.\0001\000\040\000T\000a\000b\000l\000e\000\040\000o\000f\000\040\000C\000o\000n\000t\000e\000n\000t\000s}{chapter.1}% 2
\BOOKMARK [1][-]{section.1.2}{\376\377\0001\000.\0002\000\040\0001\000.\000\040\000P\000r\000o\000j\000e\000c\000t\000\040\000P\000r\000o\000b\000l\000e\000m\000\040\000a\000n\000d\000\040\000S\000o\000l\000u\000t\000i\000o\000n\000\040\000S\000t\000a\000t\000e\000m\000e\000n\000t}{chapter.1}% 3
\BOOKMARK [1][-]{section.1.3}{\376\377\0001\000.\0003\000\040\0002\000.\000\040\000H\000i\000g\000h\000\040\000L\000e\000v\000e\000l\000\040\000D\000e\000s\000i\000g\000n\000\040\000O\000v\000e\000r\000v\000i\000e\000w}{chapter.1}% 4
\BOOKMARK [2][-]{subsection.1.3.1}{\376\377\0001\000.\0003\000.\0001\000\040\000F\000u\000n\000c\000t\000i\000o\000n\000a\000l\000\040\000a\000n\000d\000\040\000N\000o\000n\000f\000u\000n\000c\000t\000i\000o\000n\000a\000l\000\040\000R\000e\000q\000u\000i\000r\000e\000m\000e\000n\000t\000s}{section.1.3}% 5
\BOOKMARK [2][-]{subsection.1.3.2}{\376\377\0001\000.\0003\000.\0002\000\040\000S\000y\000s\000t\000e\000m\000\040\000A\000r\000c\000h\000i\000t\000e\000c\000t\000u\000r\000e}{section.1.3}% 6
\BOOKMARK [2][-]{subsection.1.3.3}{\376\377\0001\000.\0003\000.\0003\000\040\000K\000e\000y\000\040\000C\000o\000m\000p\000o\000n\000e\000n\000t\000s\000\040\000o\000f\000\040\000t\000h\000e\000\040\000K\000i\000l\000o}{section.1.3}% 7
\BOOKMARK [1][-]{section.1.4}{\376\377\0001\000.\0004\000\040\0003\000.\000\040\000D\000o\000c\000u\000m\000e\000n\000t\000a\000t\000i\000o\000n}{chapter.1}% 8
\BOOKMARK [0][-]{chapter.2}{\376\377\0002\000\040\000D\000a\000t\000a\000\040\000S\000t\000r\000u\000c\000t\000u\000r\000e\000\040\000I\000n\000d\000e\000x}{}% 9
\BOOKMARK [1][-]{section.2.1}{\376\377\0002\000.\0001\000\040\000D\000a\000t\000a\000\040\000S\000t\000r\000u\000c\000t\000u\000r\000e\000s}{chapter.2}% 10
\BOOKMARK [0][-]{chapter.3}{\376\377\0003\000\040\000F\000i\000l\000e\000\040\000I\000n\000d\000e\000x}{}% 11
\BOOKMARK [1][-]{section.3.1}{\376\377\0003\000.\0001\000\040\000F\000i\000l\000e\000\040\000L\000i\000s\000t}{chapter.3}% 12
\BOOKMARK [0][-]{chapter.4}{\376\377\0004\000\040\000D\000a\000t\000a\000\040\000S\000t\000r\000u\000c\000t\000u\000r\000e\000\040\000D\000o\000c\000u\000m\000e\000n\000t\000a\000t\000i\000o\000n}{}% 13
\BOOKMARK [1][-]{section.4.1}{\376\377\0004\000.\0001\000\040\000a\000b\000u\000f\000\040\000S\000t\000r\000u\000c\000t\000\040\000R\000e\000f\000e\000r\000e\000n\000c\000e}{chapter.4}% 14
\BOOKMARK [2][-]{subsection.4.1.1}{\376\377\0004\000.\0001\000.\0001\000\040\000F\000i\000e\000l\000d\000\040\000D\000o\000c\000u\000m\000e\000n\000t\000a\000t\000i\000o\000n}{section.4.1}% 15
\BOOKMARK [3][-]{subsubsection.4.1.1.1}{\376\377\0004\000.\0001\000.\0001\000.\0001\000\040\000b}{subsection.4.1.1}% 16
\BOOKMARK [3][-]{subsubsection.4.1.1.2}{\376\377\0004\000.\0001\000.\0001\000.\0002\000\040\000l\000e\000n}{subsection.4.1.1}% 17
\BOOKMARK [1][-]{section.4.2}{\376\377\0004\000.\0002\000\040\000e\000d\000i\000t\000o\000r\000C\000o\000n\000f\000i\000g\000\040\000S\000t\000r\000u\000c\000t\000\040\000R\000e\000f\000e\000r\000e\000n\000c\000e}{chapter.4}% 18
\BOOKMARK [2][-]{subsection.4.2.1}{\376\377\0004\000.\0002\000.\0001\000\040\000F\000i\000e\000l\000d\000\040\000D\000o\000c\000u\000m\000e\000n\000t\000a\000t\000i\000o\000n}{section.4.2}% 19
\BOOKMARK [3][-]{subsubsection.4.2.1.1}{\376\377\0004\000.\0002\000.\0001\000.\0001\000\040\000c\000o\000l\000o\000f\000f}{subsection.4.2.1}% 20
\BOOKMARK [3][-]{subsubsection.4.2.1.2}{\376\377\0004\000.\0002\000.\0001\000.\0002\000\040\000c\000x}{subsection.4.2.1}% 21
\BOOKMARK [3][-]{subsubsection.4.2.1.3}{\376\377\0004\000.\0002\000.\0001\000.\0003\000\040\000c\000y}{subsection.4.2.1}% 22
\BOOKMARK [3][-]{subsubsection.4.2.1.4}{\376\377\0004\000.\0002\000.\0001\000.\0004\000\040\000d\000i\000r\000t\000y}{subsection.4.2.1}% 23
\BOOKMARK [3][-]{subsubsection.4.2.1.5}{\376\377\0004\000.\0002\000.\0001\000.\0005\000\040\000f\000i\000l\000e\000n\000a\000m\000e}{subsection.4.2.1}% 24
\BOOKMARK [3][-]{subsubsection.4.2.1.6}{\376\377\0004\000.\0002\000.\0001\000.\0006\000\040\000n\000u\000m\000r\000o\000w\000s}{subsection.4.2.1}% 25
\BOOKMARK [3][-]{subsubsection.4.2.1.7}{\376\377\0004\000.\0002\000.\0001\000.\0007\000\040\000o\000r\000i\000g\000\137\000t\000e\000r\000m\000i\000o\000s}{subsection.4.2.1}% 26
\BOOKMARK [3][-]{subsubsection.4.2.1.8}{\376\377\0004\000.\0002\000.\0001\000.\0008\000\040\000r\000o\000w}{subsection.4.2.1}% 27
\BOOKMARK [3][-]{subsubsection.4.2.1.9}{\376\377\0004\000.\0002\000.\0001\000.\0009\000\040\000r\000o\000w\000o\000f\000f}{subsection.4.2.1}% 28
\BOOKMARK [3][-]{subsubsection.4.2.1.10}{\376\377\0004\000.\0002\000.\0001\000.\0001\0000\000\040\000r\000x}{subsection.4.2.1}% 29
\BOOKMARK [3][-]{subsubsection.4.2.1.11}{\376\377\0004\000.\0002\000.\0001\000.\0001\0001\000\040\000s\000c\000r\000e\000e\000n\000c\000o\000l\000s}{subsection.4.2.1}% 30
\BOOKMARK [3][-]{subsubsection.4.2.1.12}{\376\377\0004\000.\0002\000.\0001\000.\0001\0002\000\040\000s\000c\000r\000e\000e\000n\000r\000o\000w\000s}{subsection.4.2.1}% 31
\BOOKMARK [3][-]{subsubsection.4.2.1.13}{\376\377\0004\000.\0002\000.\0001\000.\0001\0003\000\040\000s\000t\000a\000t\000u\000s\000m\000s\000g}{subsection.4.2.1}% 32
\BOOKMARK [3][-]{subsubsection.4.2.1.14}{\376\377\0004\000.\0002\000.\0001\000.\0001\0004\000\040\000s\000t\000a\000t\000u\000s\000m\000s\000g\000\137\000t\000i\000m\000e}{subsection.4.2.1}% 33
\BOOKMARK [1][-]{section.4.3}{\376\377\0004\000.\0003\000\040\000e\000r\000o\000w\000\040\000S\000t\000r\000u\000c\000t\000\040\000R\000e\000f\000e\000r\000e\000n\000c\000e}{chapter.4}% 34
\BOOKMARK [2][-]{subsection.4.3.1}{\376\377\0004\000.\0003\000.\0001\000\040\000F\000i\000e\000l\000d\000\040\000D\000o\000c\000u\000m\000e\000n\000t\000a\000t\000i\000o\000n}{section.4.3}% 35
\BOOKMARK [3][-]{subsubsection.4.3.1.1}{\376\377\0004\000.\0003\000.\0001\000.\0001\000\040\000c\000h\000a\000r\000s}{subsection.4.3.1}% 36
\BOOKMARK [3][-]{subsubsection.4.3.1.2}{\376\377\0004\000.\0003\000.\0001\000.\0002\000\040\000r\000e\000n\000d\000e\000r}{subsection.4.3.1}% 37
\BOOKMARK [3][-]{subsubsection.4.3.1.3}{\376\377\0004\000.\0003\000.\0001\000.\0003\000\040\000r\000s\000i\000z\000e}{subsection.4.3.1}% 38
\BOOKMARK [3][-]{subsubsection.4.3.1.4}{\376\377\0004\000.\0003\000.\0001\000.\0004\000\040\000s\000i\000z\000e}{subsection.4.3.1}% 39
\BOOKMARK [0][-]{chapter.5}{\376\377\0005\000\040\000F\000i\000l\000e\000\040\000D\000o\000c\000u\000m\000e\000n\000t\000a\000t\000i\000o\000n}{}% 40
\BOOKMARK [1][-]{section.5.1}{\376\377\0005\000.\0001\000\040\000k\000i\000l\000o\000.\000c\000\040\000F\000i\000l\000e\000\040\000R\000e\000f\000e\000r\000e\000n\000c\000e}{chapter.5}% 41
\BOOKMARK [2][-]{subsection.5.1.1}{\376\377\0005\000.\0001\000.\0001\000\040\000D\000e\000t\000a\000i\000l\000e\000d\000\040\000D\000e\000s\000c\000r\000i\000p\000t\000i\000o\000n}{section.5.1}% 42
\BOOKMARK [2][-]{subsection.5.1.2}{\376\377\0005\000.\0001\000.\0002\000\040\000M\000a\000c\000r\000o\000\040\000D\000e\000f\000i\000n\000i\000t\000i\000o\000n\000\040\000D\000o\000c\000u\000m\000e\000n\000t\000a\000t\000i\000o\000n}{section.5.1}% 43
\BOOKMARK [3][-]{subsubsection.5.1.2.1}{\376\377\0005\000.\0001\000.\0002\000.\0001\000\040\000\137\000B\000S\000D\000\137\000S\000O\000U\000R\000C\000E}{subsection.5.1.2}% 44
\BOOKMARK [3][-]{subsubsection.5.1.2.2}{\376\377\0005\000.\0001\000.\0002\000.\0002\000\040\000\137\000D\000E\000F\000A\000U\000L\000T\000\137\000S\000O\000U\000R\000C\000E}{subsection.5.1.2}% 45
\BOOKMARK [3][-]{subsubsection.5.1.2.3}{\376\377\0005\000.\0001\000.\0002\000.\0003\000\040\000\137\000G\000N\000U\000\137\000S\000O\000U\000R\000C\000E}{subsection.5.1.2}% 46
\BOOKMARK [3][-]{subsubsection.5.1.2.4}{\376\377\0005\000.\0001\000.\0002\000.\0004\000\040\000A\000B\000U\000F\000\137\000I\000N\000I\000T}{subsection.5.1.2}% 47
\BOOKMARK [3][-]{subsubsection.5.1.2.5}{\376\377\0005\000.\0001\000.\0002\000.\0005\000\040\000C\000T\000R\000L\000\137\000K\000E\000Y}{subsection.5.1.2}% 48
\BOOKMARK [3][-]{subsubsection.5.1.2.6}{\376\377\0005\000.\0001\000.\0002\000.\0006\000\040\000K\000I\000L\000O\000\137\000Q\000U\000I\000T\000\137\000T\000I\000M\000E\000S}{subsection.5.1.2}% 49
\BOOKMARK [3][-]{subsubsection.5.1.2.7}{\376\377\0005\000.\0001\000.\0002\000.\0007\000\040\000K\000I\000L\000O\000\137\000T\000A\000B\000\137\000S\000T\000O\000P}{subsection.5.1.2}% 50
\BOOKMARK [3][-]{subsubsection.5.1.2.8}{\376\377\0005\000.\0001\000.\0002\000.\0008\000\040\000K\000I\000L\000O\000\137\000V\000E\000R\000S\000I\000O\000N}{subsection.5.1.2}% 51
\BOOKMARK [2][-]{subsection.5.1.3}{\376\377\0005\000.\0001\000.\0003\000\040\000T\000y\000p\000e\000d\000e\000f\000\040\000D\000o\000c\000u\000m\000e\000n\000t\000a\000t\000i\000o\000n}{section.5.1}% 52
\BOOKMARK [3][-]{subsubsection.5.1.3.1}{\376\377\0005\000.\0001\000.\0003\000.\0001\000\040\000e\000r\000o\000w}{subsection.5.1.3}% 53
\BOOKMARK [2][-]{subsection.5.1.4}{\376\377\0005\000.\0001\000.\0004\000\040\000E\000n\000u\000m\000e\000r\000a\000t\000i\000o\000n\000\040\000T\000y\000p\000e\000\040\000D\000o\000c\000u\000m\000e\000n\000t\000a\000t\000i\000o\000n}{section.5.1}% 54
\BOOKMARK [3][-]{subsubsection.5.1.4.1}{\376\377\0005\000.\0001\000.\0004\000.\0001\000\040\000e\000d\000i\000t\000o\000r\000K\000e\000y}{subsection.5.1.4}% 55
\BOOKMARK [2][-]{subsection.5.1.5}{\376\377\0005\000.\0001\000.\0005\000\040\000F\000u\000n\000c\000t\000i\000o\000n\000\040\000D\000o\000c\000u\000m\000e\000n\000t\000a\000t\000i\000o\000n}{section.5.1}% 56
\BOOKMARK [3][-]{subsubsection.5.1.5.1}{\376\377\0005\000.\0001\000.\0005\000.\0001\000\040\000a\000b\000A\000p\000p\000e\000n\000d\000\050\000\051}{subsection.5.1.5}% 57
\BOOKMARK [3][-]{subsubsection.5.1.5.2}{\376\377\0005\000.\0001\000.\0005\000.\0002\000\040\000a\000b\000F\000r\000e\000e\000\050\000\051}{subsection.5.1.5}% 58
\BOOKMARK [3][-]{subsubsection.5.1.5.3}{\376\377\0005\000.\0001\000.\0005\000.\0003\000\040\000d\000i\000e\000\050\000\051}{subsection.5.1.5}% 59
\BOOKMARK [3][-]{subsubsection.5.1.5.4}{\376\377\0005\000.\0001\000.\0005\000.\0004\000\040\000d\000i\000s\000a\000b\000l\000e\000R\000a\000w\000M\000o\000d\000e\000\050\000\051}{subsection.5.1.5}% 60
\BOOKMARK [3][-]{subsubsection.5.1.5.5}{\376\377\0005\000.\0001\000.\0005\000.\0005\000\040\000e\000d\000i\000t\000o\000r\000D\000e\000l\000C\000h\000a\000r\000\050\000\051}{subsection.5.1.5}% 61
\BOOKMARK [3][-]{subsubsection.5.1.5.6}{\376\377\0005\000.\0001\000.\0005\000.\0006\000\040\000e\000d\000i\000t\000o\000r\000D\000e\000l\000R\000o\000w\000\050\000\051}{subsection.5.1.5}% 62
\BOOKMARK [3][-]{subsubsection.5.1.5.7}{\376\377\0005\000.\0001\000.\0005\000.\0007\000\040\000e\000d\000i\000t\000o\000r\000D\000r\000a\000w\000M\000e\000s\000s\000a\000g\000e\000B\000a\000r\000\050\000\051}{subsection.5.1.5}% 63
\BOOKMARK [3][-]{subsubsection.5.1.5.8}{\376\377\0005\000.\0001\000.\0005\000.\0008\000\040\000e\000d\000i\000t\000o\000r\000D\000r\000a\000w\000R\000o\000w\000s\000\050\000\051}{subsection.5.1.5}% 64
\BOOKMARK [3][-]{subsubsection.5.1.5.9}{\376\377\0005\000.\0001\000.\0005\000.\0009\000\040\000e\000d\000i\000t\000o\000r\000D\000r\000a\000w\000S\000t\000a\000t\000u\000s\000B\000a\000r\000\050\000\051}{subsection.5.1.5}% 65
\BOOKMARK [3][-]{subsubsection.5.1.5.10}{\376\377\0005\000.\0001\000.\0005\000.\0001\0000\000\040\000e\000d\000i\000t\000o\000r\000F\000r\000e\000e\000R\000o\000w\000\050\000\051}{subsection.5.1.5}% 66
\BOOKMARK [3][-]{subsubsection.5.1.5.11}{\376\377\0005\000.\0001\000.\0005\000.\0001\0001\000\040\000e\000d\000i\000t\000o\000r\000I\000n\000s\000e\000r\000t\000C\000h\000a\000r\000\050\000\051}{subsection.5.1.5}% 67
\BOOKMARK [3][-]{subsubsection.5.1.5.12}{\376\377\0005\000.\0001\000.\0005\000.\0001\0002\000\040\000e\000d\000i\000t\000o\000r\000I\000n\000s\000e\000r\000t\000N\000e\000w\000l\000i\000n\000e\000\050\000\051}{subsection.5.1.5}% 68
\BOOKMARK [3][-]{subsubsection.5.1.5.13}{\376\377\0005\000.\0001\000.\0005\000.\0001\0003\000\040\000e\000d\000i\000t\000o\000r\000I\000n\000s\000e\000r\000t\000R\000o\000w\000\050\000\051}{subsection.5.1.5}% 69
\BOOKMARK [3][-]{subsubsection.5.1.5.14}{\376\377\0005\000.\0001\000.\0005\000.\0001\0004\000\040\000e\000d\000i\000t\000o\000r\000M\000o\000v\000e\000C\000u\000r\000s\000o\000r\000\050\000\051}{subsection.5.1.5}% 70
\BOOKMARK [3][-]{subsubsection.5.1.5.15}{\376\377\0005\000.\0001\000.\0005\000.\0001\0005\000\040\000e\000d\000i\000t\000o\000r\000O\000p\000e\000n\000\050\000\051}{subsection.5.1.5}% 71
\BOOKMARK [3][-]{subsubsection.5.1.5.16}{\376\377\0005\000.\0001\000.\0005\000.\0001\0006\000\040\000e\000d\000i\000t\000o\000r\000P\000r\000o\000c\000e\000s\000s\000K\000e\000y\000p\000r\000e\000s\000s\000\050\000\051}{subsection.5.1.5}% 72
\BOOKMARK [3][-]{subsubsection.5.1.5.17}{\376\377\0005\000.\0001\000.\0005\000.\0001\0007\000\040\000e\000d\000i\000t\000o\000r\000P\000r\000o\000m\000p\000t\000\050\000\051}{subsection.5.1.5}% 73
\BOOKMARK [3][-]{subsubsection.5.1.5.18}{\376\377\0005\000.\0001\000.\0005\000.\0001\0008\000\040\000e\000d\000i\000t\000o\000r\000R\000e\000a\000d\000K\000e\000y\000\050\000\051}{subsection.5.1.5}% 74
\BOOKMARK [3][-]{subsubsection.5.1.5.19}{\376\377\0005\000.\0001\000.\0005\000.\0001\0009\000\040\000e\000d\000i\000t\000o\000r\000R\000e\000f\000r\000e\000s\000h\000S\000c\000r\000e\000e\000n\000\050\000\051}{subsection.5.1.5}% 75
\BOOKMARK [3][-]{subsubsection.5.1.5.20}{\376\377\0005\000.\0001\000.\0005\000.\0002\0000\000\040\000e\000d\000i\000t\000o\000r\000R\000o\000w\000A\000p\000p\000e\000n\000d\000S\000t\000r\000i\000n\000g\000\050\000\051}{subsection.5.1.5}% 76
\BOOKMARK [3][-]{subsubsection.5.1.5.21}{\376\377\0005\000.\0001\000.\0005\000.\0002\0001\000\040\000e\000d\000i\000t\000o\000r\000R\000o\000w\000C\000x\000T\000o\000R\000x\000\050\000\051}{subsection.5.1.5}% 77
\BOOKMARK [3][-]{subsubsection.5.1.5.22}{\376\377\0005\000.\0001\000.\0005\000.\0002\0002\000\040\000e\000d\000i\000t\000o\000r\000R\000o\000w\000D\000e\000l\000C\000h\000a\000r\000\050\000\051}{subsection.5.1.5}% 78
\BOOKMARK [3][-]{subsubsection.5.1.5.23}{\376\377\0005\000.\0001\000.\0005\000.\0002\0003\000\040\000e\000d\000i\000t\000o\000r\000R\000o\000w\000I\000n\000s\000e\000r\000t\000C\000h\000a\000r\000\050\000\051}{subsection.5.1.5}% 79
\BOOKMARK [3][-]{subsubsection.5.1.5.24}{\376\377\0005\000.\0001\000.\0005\000.\0002\0004\000\040\000e\000d\000i\000t\000o\000r\000R\000o\000w\000s\000T\000o\000S\000t\000r\000i\000n\000g\000\050\000\051}{subsection.5.1.5}% 80
\BOOKMARK [3][-]{subsubsection.5.1.5.25}{\376\377\0005\000.\0001\000.\0005\000.\0002\0005\000\040\000e\000d\000i\000t\000o\000r\000S\000a\000v\000e\000\050\000\051}{subsection.5.1.5}% 81
\BOOKMARK [3][-]{subsubsection.5.1.5.26}{\376\377\0005\000.\0001\000.\0005\000.\0002\0006\000\040\000e\000d\000i\000t\000o\000r\000S\000c\000r\000o\000l\000l\000\050\000\051}{subsection.5.1.5}% 82
\BOOKMARK [3][-]{subsubsection.5.1.5.27}{\376\377\0005\000.\0001\000.\0005\000.\0002\0007\000\040\000e\000d\000i\000t\000o\000r\000S\000e\000t\000S\000t\000a\000t\000u\000s\000M\000e\000s\000s\000a\000g\000e\000\050\000\051}{subsection.5.1.5}% 83
\BOOKMARK [3][-]{subsubsection.5.1.5.28}{\376\377\0005\000.\0001\000.\0005\000.\0002\0008\000\040\000e\000d\000i\000t\000o\000r\000U\000p\000d\000a\000t\000e\000R\000o\000w\000\050\000\051}{subsection.5.1.5}% 84
\BOOKMARK [3][-]{subsubsection.5.1.5.29}{\376\377\0005\000.\0001\000.\0005\000.\0002\0009\000\040\000e\000n\000a\000b\000l\000e\000R\000a\000w\000M\000o\000d\000e\000\050\000\051}{subsection.5.1.5}% 85
\BOOKMARK [3][-]{subsubsection.5.1.5.30}{\376\377\0005\000.\0001\000.\0005\000.\0003\0000\000\040\000g\000e\000t\000C\000u\000r\000s\000o\000r\000P\000o\000s\000i\000t\000i\000o\000n\000\050\000\051}{subsection.5.1.5}% 86
\BOOKMARK [3][-]{subsubsection.5.1.5.31}{\376\377\0005\000.\0001\000.\0005\000.\0003\0001\000\040\000g\000e\000t\000W\000i\000n\000d\000o\000w\000S\000i\000z\000e\000\050\000\051}{subsection.5.1.5}% 87
\BOOKMARK [3][-]{subsubsection.5.1.5.32}{\376\377\0005\000.\0001\000.\0005\000.\0003\0002\000\040\000i\000n\000i\000t\000E\000d\000i\000t\000o\000r\000\050\000\051}{subsection.5.1.5}% 88
\BOOKMARK [3][-]{subsubsection.5.1.5.33}{\376\377\0005\000.\0001\000.\0005\000.\0003\0003\000\040\000m\000a\000i\000n\000\050\000\051}{subsection.5.1.5}% 89
\BOOKMARK [2][-]{subsection.5.1.6}{\376\377\0005\000.\0001\000.\0006\000\040\000V\000a\000r\000i\000a\000b\000l\000e\000\040\000D\000o\000c\000u\000m\000e\000n\000t\000a\000t\000i\000o\000n}{section.5.1}% 90
\BOOKMARK [3][-]{subsubsection.5.1.6.1}{\376\377\0005\000.\0001\000.\0006\000.\0001\000\040\000E}{subsection.5.1.6}% 91
\BOOKMARK [1][-]{section.5.2}{\376\377\0005\000.\0002\000\040\000R\000E\000A\000D\000M\000E\000.\000m\000d\000\040\000F\000i\000l\000e\000\040\000R\000e\000f\000e\000r\000e\000n\000c\000e}{chapter.5}% 92
